[21:43:01] [Server thread/INFO]: Starting minecraft server version 1.15.2
[21:43:01] [Server thread/INFO]: Loading properties
[21:43:03] [Server thread/INFO]: This server is running Paper version git-Paper-90 (MC: 1.15.2) (Implementing API version 1.15.2-R0.1-SNAPSHOT)
[21:43:04] [Server thread/INFO]: Debug logging is disabled
[21:43:04] [Server thread/INFO]: Server Ping Player Sample Count: 12
[21:43:04] [Server thread/INFO]: Using 4 threads for Netty based IO
[21:43:05] [Server thread/INFO]: Default game type: SURVIVAL
[21:43:05] [Server thread/INFO]: Generating keypair
[21:43:05] [Server thread/INFO]: Starting Minecraft server on *:25565
[21:43:05] [Server thread/INFO]: Using default channel type
[21:43:11] [Server thread/INFO]: [SKYWARS] Loading SkyWars v1.0.2
[21:43:11] [Server thread/INFO]: Server permissions file permissions.yml is empty, ignoring it
[21:43:11] [Server thread/INFO]: Preparing level "world"
[21:43:12] [Server thread/INFO]: Found new data pack file/bukkit, loading it automatically
[21:43:12] [Server thread/INFO]: Found new data pack vanilla, loading it automatically
[21:43:12] [Server thread/INFO]: Reloading ResourceManager: Default, bukkit
[21:45:00] [Server thread/INFO]: Loaded 6 recipes
[21:45:01] [Server thread/INFO]: -------- World Settings For [world] --------
[21:45:01] [Server thread/INFO]: View Distance: 10
[21:45:01] [Server thread/INFO]: Nerfing mobs spawned from spawners: false
[21:45:01] [Server thread/INFO]: Entity Tracking Range: Pl 48 / An 48 / Mo 48 / Mi 32 / Other 64
[21:45:01] [Server thread/INFO]: Cactus Growth Modifier: 100%
[21:45:01] [Server thread/INFO]: Cane Growth Modifier: 100%
[21:45:01] [Server thread/INFO]: Melon Growth Modifier: 100%
[21:45:01] [Server thread/INFO]: Mushroom Growth Modifier: 100%
[21:45:01] [Server thread/INFO]: Pumpkin Growth Modifier: 100%
[21:45:01] [Server thread/INFO]: Sapling Growth Modifier: 100%
[21:45:01] [Server thread/INFO]: Beetroot Growth Modifier: 100%
[21:45:01] [Server thread/INFO]: Carrot Growth Modifier: 100%
[21:45:01] [Server thread/INFO]: Potato Growth Modifier: 100%
[21:45:01] [Server thread/INFO]: Wheat Growth Modifier: 100%
[21:45:01] [Server thread/INFO]: NetherWart Growth Modifier: 100%
[21:45:01] [Server thread/INFO]: Vine Growth Modifier: 100%
[21:45:01] [Server thread/INFO]: Cocoa Growth Modifier: 100%
[21:45:01] [Server thread/INFO]: Bamboo Growth Modifier: 100%
[21:45:01] [Server thread/INFO]: SweetBerry Growth Modifier: 100%
[21:45:01] [Server thread/INFO]: Kelp Growth Modifier: 100%
[21:45:01] [Server thread/INFO]: Entity Activation Range: An 32 / Mo 32 / Ra 48 / Mi 16 / Tiv true
[21:45:01] [Server thread/INFO]: Mob Spawn Range: 8
[21:45:01] [Server thread/INFO]: Experience Merge Radius: 3.0
[21:45:01] [Server thread/INFO]: Max TNT Explosions: 100
[21:45:01] [Server thread/INFO]: Tile Max Tick Time: 50ms Entity max Tick Time: 50ms
[21:45:01] [Server thread/INFO]: Hopper Transfer: 8 Hopper Check: 1 Hopper Amount: 1
[21:45:01] [Server thread/INFO]: Allow Zombie Pigmen to spawn from portal blocks: true
[21:45:01] [Server thread/INFO]: Item Despawn Rate: 6000
[21:45:01] [Server thread/INFO]: Item Merge Radius: 2.5
[21:45:01] [Server thread/INFO]: Arrow Despawn Rate: 1200 Trident Respawn Rate:1200
[21:45:01] [Server thread/INFO]: Zombie Aggressive Towards Villager: true
[21:45:01] [Server thread/INFO]: Custom Map Seeds:  Village: 10387312 Desert: 14357617 Igloo: 14357618 Jungle: 14357619 Swamp: 14357620 Monument: 10387313 Ocean: 14357621 Shipwreck: 165745295 Slime: 987234911
[21:45:01] [Server thread/INFO]: Preparing start region for dimension 'world'/minecraft:overworld
[21:45:02] [Server thread/INFO]: Preparing spawn area: 0%
[21:45:02] [Server thread/INFO]: Preparing spawn area: 0%
[21:45:02] [Server thread/INFO]: Preparing spawn area: 0%
[21:45:02] [Server thread/INFO]: Preparing spawn area: 0%
[21:45:03] [Server thread/INFO]: Preparing spawn area: 4%
[21:45:04] [Server-Worker-1/INFO]: Preparing spawn area: 6%
[21:45:04] [Server-Worker-1/INFO]: Preparing spawn area: 6%
[21:45:05] [Server thread/INFO]: Preparing spawn area: 9%
[21:45:05] [Server-Worker-1/INFO]: Preparing spawn area: 15%
[21:45:07] [Server thread/INFO]: Preparing spawn area: 34%
[21:45:07] [Server thread/INFO]: Preparing spawn area: 34%
[21:45:07] [Server thread/INFO]: Preparing spawn area: 34%
[21:45:08] [Server thread/INFO]: Preparing spawn area: 34%
[21:45:08] [Server thread/INFO]: Preparing spawn area: 34%
[21:45:08] [Server thread/INFO]: Preparing spawn area: 34%
[21:45:09] [Server-Worker-2/INFO]: Preparing spawn area: 34%
[21:45:10] [Server thread/INFO]: Preparing spawn area: 39%
[21:45:10] [Server thread/INFO]: Preparing spawn area: 39%
[21:45:10] [Server thread/INFO]: Preparing spawn area: 39%
[21:45:11] [Server-Worker-1/INFO]: Preparing spawn area: 42%
[21:45:12] [Server thread/INFO]: Preparing spawn area: 43%
[21:45:12] [Server thread/INFO]: Preparing spawn area: 43%
[21:45:12] [Server thread/INFO]: Preparing spawn area: 43%
[21:45:13] [Server thread/INFO]: Preparing spawn area: 43%
[21:45:13] [Server thread/INFO]: Preparing spawn area: 43%
[21:45:14] [Server thread/INFO]: Preparing spawn area: 43%
[21:45:14] [Server thread/INFO]: Preparing spawn area: 43%
[21:45:14] [Server-Worker-2/INFO]: Preparing spawn area: 45%
[21:45:15] [Server-Worker-2/INFO]: Preparing spawn area: 45%
[21:45:15] [Server-Worker-2/INFO]: Preparing spawn area: 45%
[21:45:18] [Server thread/INFO]: Preparing spawn area: 45%
[21:45:18] [Server thread/INFO]: Preparing spawn area: 45%
[21:45:18] [Server thread/INFO]: Preparing spawn area: 45%
[21:45:18] [Server thread/INFO]: Preparing spawn area: 45%
[21:45:18] [Server thread/INFO]: Preparing spawn area: 45%
[21:45:20] [Server-Worker-1/INFO]: Preparing spawn area: 100%
[21:45:20] [Server-Worker-2/INFO]: Preparing spawn area: 100%
[21:45:20] [Server-Worker-1/INFO]: Preparing spawn area: 100%
[21:45:22] [Server-Worker-1/INFO]: Preparing spawn area: 100%
[21:45:22] [Server-Worker-2/INFO]: Preparing spawn area: 100%
[21:45:22] [Server-Worker-1/INFO]: Preparing spawn area: 100%
[21:45:22] [Server-Worker-1/INFO]: Preparing spawn area: 100%
[21:45:22] [Server thread/INFO]: Loaded 441 spawn chunks for world world
[21:45:22] [Server thread/INFO]: Time elapsed: 20993 ms
[21:45:22] [Server thread/INFO]: [SKYWARS] Enabling SkyWars v1.0.2
[21:45:53] [Server thread/INFO]: Done (161.835s)! For help, type "help"
[21:45:53] [Server thread/INFO]: Timings Reset
[21:45:54] [Server thread/INFO]: com.mojang.authlib.GameProfile@40033589[id=<null>,name=Lawaxi,properties={},legacy=false] (/127.0.0.1:51681) lost connection: Disconnected
[21:46:34] [User Authenticator #1/INFO]: Disconnecting com.mojang.authlib.GameProfile@1f9018d8[id=<null>,name=Lawaxi,properties={},legacy=false] (/127.0.0.1:51718): Authentication servers are down. Please try again later, sorry!
[21:46:34] [User Authenticator #1/ERROR]: Couldn't verify username because servers are unavailable
[21:46:34] [Server thread/INFO]: com.mojang.authlib.GameProfile@1f9018d8[id=<null>,name=Lawaxi,properties={},legacy=false] (/127.0.0.1:51718) lost connection: Authentication servers are down. Please try again later, sorry!
[21:46:44] [User Authenticator #1/INFO]: UUID of player Lawaxi is 7bb0a529-1cbc-40be-93c2-ff1529c157cb
[21:46:46] [Server thread/INFO]: Lawaxi[/127.0.0.1:51733] logged in with entity id 12 at ([world]6.450655226839862, 49.0, 61.30000001192093)
[21:48:00] [Server thread/INFO]: com.mojang.authlib.GameProfile@3b41c6a6[id=<null>,name=xiwelnejianXLR,properties={},legacy=false] (/127.0.0.1:51776) lost connection: Disconnected
[21:48:01] [Server thread/INFO]: Stopping the server
[21:48:01] [Server thread/INFO]: Stopping server
[21:48:01] [Server thread/INFO]: [SKYWARS] Disabling SkyWars v1.0.2
[21:48:01] [Server thread/INFO]: Lawaxi lost connection: 服务器已关闭
[21:48:01] [Server thread/INFO]: Lawaxi left the game
[21:48:01] [Server thread/WARN]: [SKYWARS] 正在还原地图，这可能需要花费一些时间，请勿操作！
[21:49:01] [Paper Watchdog Thread/ERROR]: ------------------------------
[21:49:01] [Paper Watchdog Thread/ERROR]: The server has stopped responding! This is (probably) not a Paper bug.
[21:49:01] [Paper Watchdog Thread/ERROR]: If you see a plugin in the Server thread dump below, then please report it to that author
[21:49:01] [Paper Watchdog Thread/ERROR]: 	 *Especially* if it looks like HTTP or MySQL operations are occurring
[21:49:01] [Paper Watchdog Thread/ERROR]: If you see a world save or edit, then it means you did far more than your server can handle at once
[21:49:01] [Paper Watchdog Thread/ERROR]: 	 If this is the case, consider increasing timeout-time in spigot.yml but note that this will replace the crash with LARGE lag spikes
[21:49:01] [Paper Watchdog Thread/ERROR]: If you are unsure or still think this is a Paper bug, please report this to https://github.com/PaperMC/Paper/issues
[21:49:01] [Paper Watchdog Thread/ERROR]: Be sure to include ALL relevant console errors and Minecraft crash reports
[21:49:01] [Paper Watchdog Thread/ERROR]: Paper version: git-Paper-90 (MC: 1.15.2)
[21:49:01] [Paper Watchdog Thread/ERROR]: ------------------------------
[21:49:01] [Paper Watchdog Thread/ERROR]: Server thread dump (Look for plugins here before reporting to Paper!):
[21:49:01] [Paper Watchdog Thread/ERROR]: ------------------------------
[21:49:01] [Paper Watchdog Thread/ERROR]: Current Thread: Server thread
[21:49:01] [Paper Watchdog Thread/ERROR]: 	PID: 19 | Suspended: false | Native: false | State: RUNNABLE
[21:49:01] [Paper Watchdog Thread/ERROR]: 	Stack:
[21:49:01] [Paper Watchdog Thread/ERROR]: 		java.util.HashMap$TreeNode.find(HashMap.java:1881)
[21:49:01] [Paper Watchdog Thread/ERROR]: 		java.util.HashMap$TreeNode.getTreeNode(HashMap.java:1889)
[21:49:01] [Paper Watchdog Thread/ERROR]: 		java.util.HashMap.getNode(HashMap.java:576)
[21:49:01] [Paper Watchdog Thread/ERROR]: 		java.util.HashMap.get(HashMap.java:557)
[21:49:01] [Paper Watchdog Thread/ERROR]: 		net.lawaxi.mcgame.skywars.Skywars.reloadMap(Skywars.java:111)
[21:49:01] [Paper Watchdog Thread/ERROR]: 		net.lawaxi.mcgame.skywars.Skywars.onDisable(Skywars.java:130)
[21:49:01] [Paper Watchdog Thread/ERROR]: 		org.bukkit.plugin.java.JavaPlugin.setEnabled(JavaPlugin.java:265)
[21:49:01] [Paper Watchdog Thread/ERROR]: 		org.bukkit.plugin.java.JavaPluginLoader.disablePlugin(JavaPluginLoader.java:372)
[21:49:01] [Paper Watchdog Thread/ERROR]: 		org.bukkit.plugin.SimplePluginManager.disablePlugin(SimplePluginManager.java:468)
[21:49:01] [Paper Watchdog Thread/ERROR]: 		org.bukkit.plugin.SimplePluginManager.disablePlugins(SimplePluginManager.java:454)
[21:49:01] [Paper Watchdog Thread/ERROR]: 		org.bukkit.plugin.SimplePluginManager.disablePlugins(SimplePluginManager.java:447)
[21:49:01] [Paper Watchdog Thread/ERROR]: 		org.bukkit.craftbukkit.v1_15_R1.CraftServer.disablePlugins(CraftServer.java:404)
[21:49:01] [Paper Watchdog Thread/ERROR]: 		net.minecraft.server.v1_15_R1.MinecraftServer.stop(MinecraftServer.java:742)
[21:49:01] [Paper Watchdog Thread/ERROR]: 		net.minecraft.server.v1_15_R1.DedicatedServer.stop(DedicatedServer.java:752)
[21:49:01] [Paper Watchdog Thread/ERROR]: 		net.minecraft.server.v1_15_R1.MinecraftServer.run(MinecraftServer.java:974)
[21:49:01] [Paper Watchdog Thread/ERROR]: 		java.lang.Thread.run(Thread.java:748)
[21:49:01] [Paper Watchdog Thread/ERROR]: ------------------------------
[21:49:01] [Paper Watchdog Thread/ERROR]: Entire Thread Dump:
[21:49:02] [Paper Watchdog Thread/ERROR]: ------------------------------
[21:49:02] [Paper Watchdog Thread/ERROR]: Current Thread: Server-Worker-9
[21:49:02] [Paper Watchdog Thread/ERROR]: 	PID: 64 | Suspended: false | Native: false | State: TIMED_WAITING
[21:49:02] [Paper Watchdog Thread/ERROR]: 	Stack:
[21:49:02] [Paper Watchdog Thread/ERROR]: 		sun.misc.Unsafe.park(Native Method)
[21:49:02] [Paper Watchdog Thread/ERROR]: 		java.util.concurrent.ForkJoinPool.awaitWork(ForkJoinPool.java:1824)
[21:49:02] [Paper Watchdog Thread/ERROR]: 		java.util.concurrent.ForkJoinPool.runWorker(ForkJoinPool.java:1693)
[21:49:02] [Paper Watchdog Thread/ERROR]: 		java.util.concurrent.ForkJoinWorkerThread.run(ForkJoinWorkerThread.java:157)
[21:49:02] [Paper Watchdog Thread/ERROR]: ------------------------------
[21:49:02] [Paper Watchdog Thread/ERROR]: Current Thread: Craft Async Scheduler Management Thread
[21:49:02] [Paper Watchdog Thread/ERROR]: 	PID: 52 | Suspended: false | Native: false | State: WAITING
[21:49:02] [Paper Watchdog Thread/ERROR]: 	Stack:
[21:49:02] [Paper Watchdog Thread/ERROR]: 		sun.misc.Unsafe.park(Native Method)
[21:49:02] [Paper Watchdog Thread/ERROR]: 		java.util.concurrent.locks.LockSupport.park(LockSupport.java:175)
[21:49:02] [Paper Watchdog Thread/ERROR]: 		java.util.concurrent.locks.AbstractQueuedSynchronizer$ConditionObject.await(AbstractQueuedSynchronizer.java:2039)
[21:49:02] [Paper Watchdog Thread/ERROR]: 		java.util.concurrent.LinkedBlockingQueue.take(LinkedBlockingQueue.java:442)
[21:49:02] [Paper Watchdog Thread/ERROR]: 		java.util.concurrent.ThreadPoolExecutor.getTask(ThreadPoolExecutor.java:1074)
[21:49:02] [Paper Watchdog Thread/ERROR]: 		java.util.concurrent.ThreadPoolExecutor.runWorker(ThreadPoolExecutor.java:1134)
[21:49:02] [Paper Watchdog Thread/ERROR]: 		java.util.concurrent.ThreadPoolExecutor$Worker.run(ThreadPoolExecutor.java:624)
[21:49:02] [Paper Watchdog Thread/ERROR]: 		java.lang.Thread.run(Thread.java:748)
[21:49:02] [Paper Watchdog Thread/ERROR]: ------------------------------
[21:49:02] [Paper Watchdog Thread/ERROR]: Current Thread: Netty Server IO #3
[21:49:02] [Paper Watchdog Thread/ERROR]: 	PID: 50 | Suspended: false | Native: false | State: RUNNABLE
[21:49:02] [Paper Watchdog Thread/ERROR]: 	Thread is waiting on monitor(s):
[21:49:02] [Paper Watchdog Thread/ERROR]: 		Locked on:sun.nio.ch.SelectorImpl.lockAndDoSelect(SelectorImpl.java:86)
[21:49:02] [Paper Watchdog Thread/ERROR]: 		Locked on:sun.nio.ch.SelectorImpl.lockAndDoSelect(SelectorImpl.java:86)
[21:49:02] [Paper Watchdog Thread/ERROR]: 		Locked on:sun.nio.ch.SelectorImpl.lockAndDoSelect(SelectorImpl.java:86)
[21:49:02] [Paper Watchdog Thread/ERROR]: 	Stack:
[21:49:02] [Paper Watchdog Thread/ERROR]: 		sun.nio.ch.WindowsSelectorImpl$SubSelector.poll0(Native Method)
[21:49:02] [Paper Watchdog Thread/ERROR]: 		sun.nio.ch.WindowsSelectorImpl$SubSelector.poll(WindowsSelectorImpl.java:296)
[21:49:02] [Paper Watchdog Thread/ERROR]: 		sun.nio.ch.WindowsSelectorImpl$SubSelector.access$400(WindowsSelectorImpl.java:278)
[21:49:02] [Paper Watchdog Thread/ERROR]: 		sun.nio.ch.WindowsSelectorImpl.doSelect(WindowsSelectorImpl.java:159)
[21:49:02] [Paper Watchdog Thread/ERROR]: 		sun.nio.ch.SelectorImpl.lockAndDoSelect(SelectorImpl.java:86)
[21:49:02] [Paper Watchdog Thread/ERROR]: 		sun.nio.ch.SelectorImpl.select(SelectorImpl.java:97)
[21:49:02] [Paper Watchdog Thread/ERROR]: 		io.netty.channel.nio.SelectedSelectionKeySetSelector.select(SelectedSelectionKeySetSelector.java:62)
[21:49:02] [Paper Watchdog Thread/ERROR]: 		io.netty.channel.nio.NioEventLoop.select(NioEventLoop.java:756)
[21:49:02] [Paper Watchdog Thread/ERROR]: 		io.netty.channel.nio.NioEventLoop.run(NioEventLoop.java:411)
[21:49:02] [Paper Watchdog Thread/ERROR]: 		io.netty.util.concurrent.SingleThreadEventExecutor$5.run(SingleThreadEventExecutor.java:884)
[21:49:02] [Paper Watchdog Thread/ERROR]: 		java.lang.Thread.run(Thread.java:748)
[21:49:02] [Paper Watchdog Thread/ERROR]: ------------------------------
[21:49:02] [Paper Watchdog Thread/ERROR]: Current Thread: Netty Server IO #2
[21:49:02] [Paper Watchdog Thread/ERROR]: 	PID: 49 | Suspended: false | Native: false | State: RUNNABLE
[21:49:02] [Paper Watchdog Thread/ERROR]: 	Thread is waiting on monitor(s):
[21:49:02] [Paper Watchdog Thread/ERROR]: 		Locked on:sun.nio.ch.SelectorImpl.lockAndDoSelect(SelectorImpl.java:86)
[21:49:02] [Paper Watchdog Thread/ERROR]: 		Locked on:sun.nio.ch.SelectorImpl.lockAndDoSelect(SelectorImpl.java:86)
[21:49:02] [Paper Watchdog Thread/ERROR]: 		Locked on:sun.nio.ch.SelectorImpl.lockAndDoSelect(SelectorImpl.java:86)
[21:49:02] [Paper Watchdog Thread/ERROR]: 	Stack:
[21:49:02] [Paper Watchdog Thread/ERROR]: 		sun.nio.ch.WindowsSelectorImpl$SubSelector.poll0(Native Method)
[21:49:02] [Paper Watchdog Thread/ERROR]: 		sun.nio.ch.WindowsSelectorImpl$SubSelector.poll(WindowsSelectorImpl.java:296)
[21:49:02] [Paper Watchdog Thread/ERROR]: 		sun.nio.ch.WindowsSelectorImpl$SubSelector.access$400(WindowsSelectorImpl.java:278)
[21:49:02] [Paper Watchdog Thread/ERROR]: 		sun.nio.ch.WindowsSelectorImpl.doSelect(WindowsSelectorImpl.java:159)
[21:49:02] [Paper Watchdog Thread/ERROR]: 		sun.nio.ch.SelectorImpl.lockAndDoSelect(SelectorImpl.java:86)
[21:49:02] [Paper Watchdog Thread/ERROR]: 		sun.nio.ch.SelectorImpl.select(SelectorImpl.java:97)
[21:49:02] [Paper Watchdog Thread/ERROR]: 		io.netty.channel.nio.SelectedSelectionKeySetSelector.select(SelectedSelectionKeySetSelector.java:62)
[21:49:02] [Paper Watchdog Thread/ERROR]: 		io.netty.channel.nio.NioEventLoop.select(NioEventLoop.java:756)
[21:49:02] [Paper Watchdog Thread/ERROR]: 		io.netty.channel.nio.NioEventLoop.run(NioEventLoop.java:411)
[21:49:02] [Paper Watchdog Thread/ERROR]: 		io.netty.util.concurrent.SingleThreadEventExecutor$5.run(SingleThreadEventExecutor.java:884)
[21:49:02] [Paper Watchdog Thread/ERROR]: 		java.lang.Thread.run(Thread.java:748)
[21:49:02] [Paper Watchdog Thread/ERROR]: ------------------------------
[21:49:02] [Paper Watchdog Thread/ERROR]: Current Thread: Netty Server IO #1
[21:49:02] [Paper Watchdog Thread/ERROR]: 	PID: 48 | Suspended: false | Native: false | State: RUNNABLE
[21:49:02] [Paper Watchdog Thread/ERROR]: 	Thread is waiting on monitor(s):
[21:49:02] [Paper Watchdog Thread/ERROR]: 		Locked on:sun.nio.ch.SelectorImpl.lockAndDoSelect(SelectorImpl.java:86)
[21:49:02] [Paper Watchdog Thread/ERROR]: 		Locked on:sun.nio.ch.SelectorImpl.lockAndDoSelect(SelectorImpl.java:86)
[21:49:02] [Paper Watchdog Thread/ERROR]: 		Locked on:sun.nio.ch.SelectorImpl.lockAndDoSelect(SelectorImpl.java:86)
[21:49:02] [Paper Watchdog Thread/ERROR]: 	Stack:
[21:49:02] [Paper Watchdog Thread/ERROR]: 		sun.nio.ch.WindowsSelectorImpl$SubSelector.poll0(Native Method)
[21:49:02] [Paper Watchdog Thread/ERROR]: 		sun.nio.ch.WindowsSelectorImpl$SubSelector.poll(WindowsSelectorImpl.java:296)
[21:49:02] [Paper Watchdog Thread/ERROR]: 		sun.nio.ch.WindowsSelectorImpl$SubSelector.access$400(WindowsSelectorImpl.java:278)
[21:49:02] [Paper Watchdog Thread/ERROR]: 		sun.nio.ch.WindowsSelectorImpl.doSelect(WindowsSelectorImpl.java:159)
[21:49:02] [Paper Watchdog Thread/ERROR]: 		sun.nio.ch.SelectorImpl.lockAndDoSelect(SelectorImpl.java:86)
[21:49:02] [Paper Watchdog Thread/ERROR]: 		sun.nio.ch.SelectorImpl.select(SelectorImpl.java:97)
[21:49:02] [Paper Watchdog Thread/ERROR]: 		io.netty.channel.nio.SelectedSelectionKeySetSelector.select(SelectedSelectionKeySetSelector.java:62)
[21:49:02] [Paper Watchdog Thread/ERROR]: 		io.netty.channel.nio.NioEventLoop.select(NioEventLoop.java:756)
[21:49:02] [Paper Watchdog Thread/ERROR]: 		io.netty.channel.nio.NioEventLoop.run(NioEventLoop.java:411)
[21:49:02] [Paper Watchdog Thread/ERROR]: 		io.netty.util.concurrent.SingleThreadEventExecutor$5.run(SingleThreadEventExecutor.java:884)
[21:49:02] [Paper Watchdog Thread/ERROR]: 		java.lang.Thread.run(Thread.java:748)
[21:49:02] [Paper Watchdog Thread/ERROR]: ------------------------------
[21:49:02] [Paper Watchdog Thread/ERROR]: Current Thread: Paper RegionFile IO Thread
[21:49:02] [Paper Watchdog Thread/ERROR]: 	PID: 44 | Suspended: false | Native: false | State: WAITING
[21:49:02] [Paper Watchdog Thread/ERROR]: 	Stack:
[21:49:02] [Paper Watchdog Thread/ERROR]: 		sun.misc.Unsafe.park(Native Method)
[21:49:02] [Paper Watchdog Thread/ERROR]: 		java.util.concurrent.locks.LockSupport.park(LockSupport.java:175)
[21:49:02] [Paper Watchdog Thread/ERROR]: 		com.destroystokyo.paper.io.QueueExecutorThread.run(QueueExecutorThread.java:84)
[21:49:02] [Paper Watchdog Thread/ERROR]: ------------------------------
[21:49:02] [Paper Watchdog Thread/ERROR]: Current Thread: Netty Server IO #0
[21:49:02] [Paper Watchdog Thread/ERROR]: 	PID: 43 | Suspended: false | Native: false | State: RUNNABLE
[21:49:02] [Paper Watchdog Thread/ERROR]: 	Thread is waiting on monitor(s):
[21:49:02] [Paper Watchdog Thread/ERROR]: 		Locked on:sun.nio.ch.SelectorImpl.lockAndDoSelect(SelectorImpl.java:86)
[21:49:02] [Paper Watchdog Thread/ERROR]: 		Locked on:sun.nio.ch.SelectorImpl.lockAndDoSelect(SelectorImpl.java:86)
[21:49:02] [Paper Watchdog Thread/ERROR]: 		Locked on:sun.nio.ch.SelectorImpl.lockAndDoSelect(SelectorImpl.java:86)
[21:49:02] [Paper Watchdog Thread/ERROR]: 	Stack:
[21:49:02] [Paper Watchdog Thread/ERROR]: 		sun.nio.ch.WindowsSelectorImpl$SubSelector.poll0(Native Method)
[21:49:02] [Paper Watchdog Thread/ERROR]: 		sun.nio.ch.WindowsSelectorImpl$SubSelector.poll(WindowsSelectorImpl.java:296)
[21:49:02] [Paper Watchdog Thread/ERROR]: 		sun.nio.ch.WindowsSelectorImpl$SubSelector.access$400(WindowsSelectorImpl.java:278)
[21:49:02] [Paper Watchdog Thread/ERROR]: 		sun.nio.ch.WindowsSelectorImpl.doSelect(WindowsSelectorImpl.java:159)
[21:49:02] [Paper Watchdog Thread/ERROR]: 		sun.nio.ch.SelectorImpl.lockAndDoSelect(SelectorImpl.java:86)
[21:49:02] [Paper Watchdog Thread/ERROR]: 		sun.nio.ch.SelectorImpl.select(SelectorImpl.java:97)
[21:49:02] [Paper Watchdog Thread/ERROR]: 		io.netty.channel.nio.SelectedSelectionKeySetSelector.select(SelectedSelectionKeySetSelector.java:62)
[21:49:02] [Paper Watchdog Thread/ERROR]: 		io.netty.channel.nio.NioEventLoop.select(NioEventLoop.java:756)
[21:49:02] [Paper Watchdog Thread/ERROR]: 		io.netty.channel.nio.NioEventLoop.run(NioEventLoop.java:411)
[21:49:02] [Paper Watchdog Thread/ERROR]: 		io.netty.util.concurrent.SingleThreadEventExecutor$5.run(SingleThreadEventExecutor.java:884)
[21:49:02] [Paper Watchdog Thread/ERROR]: 		java.lang.Thread.run(Thread.java:748)
[21:49:02] [Paper Watchdog Thread/ERROR]: ------------------------------
[21:49:02] [Paper Watchdog Thread/ERROR]: Current Thread: ObjectCleanerThread
[21:49:02] [Paper Watchdog Thread/ERROR]: 	PID: 42 | Suspended: false | Native: false | State: TIMED_WAITING
[21:49:02] [Paper Watchdog Thread/ERROR]: 	Stack:
[21:49:02] [Paper Watchdog Thread/ERROR]: 		java.lang.Object.wait(Native Method)
[21:49:02] [Paper Watchdog Thread/ERROR]: 		java.lang.ref.ReferenceQueue.remove(ReferenceQueue.java:144)
[21:49:02] [Paper Watchdog Thread/ERROR]: 		io.netty.util.internal.ObjectCleaner$1.run(ObjectCleaner.java:54)
[21:49:02] [Paper Watchdog Thread/ERROR]: 		io.netty.util.concurrent.FastThreadLocalRunnable.run(FastThreadLocalRunnable.java:30)
[21:49:02] [Paper Watchdog Thread/ERROR]: 		java.lang.Thread.run(Thread.java:748)
[21:49:02] [Paper Watchdog Thread/ERROR]: ------------------------------
[21:49:02] [Paper Watchdog Thread/ERROR]: Current Thread: Timer-0
[21:49:02] [Paper Watchdog Thread/ERROR]: 	PID: 41 | Suspended: false | Native: false | State: TIMED_WAITING
[21:49:02] [Paper Watchdog Thread/ERROR]: 	Stack:
[21:49:02] [Paper Watchdog Thread/ERROR]: 		java.lang.Object.wait(Native Method)
[21:49:02] [Paper Watchdog Thread/ERROR]: 		java.util.TimerThread.mainLoop(Timer.java:552)
[21:49:02] [Paper Watchdog Thread/ERROR]: 		java.util.TimerThread.run(Timer.java:505)
[21:49:02] [Paper Watchdog Thread/ERROR]: ------------------------------
[21:49:02] [Paper Watchdog Thread/ERROR]: Current Thread: Paper Watchdog Thread
[21:49:02] [Paper Watchdog Thread/ERROR]: 	PID: 40 | Suspended: false | Native: false | State: RUNNABLE
[21:49:02] [Paper Watchdog Thread/ERROR]: 	Stack:
[21:49:02] [Paper Watchdog Thread/ERROR]: 		sun.management.ThreadImpl.dumpThreads0(Native Method)
[21:49:02] [Paper Watchdog Thread/ERROR]: 		sun.management.ThreadImpl.dumpAllThreads(ThreadImpl.java:454)
[21:49:02] [Paper Watchdog Thread/ERROR]: 		org.spigotmc.WatchdogThread.run(WatchdogThread.java:124)
[21:49:02] [Paper Watchdog Thread/ERROR]: ------------------------------
[21:49:02] [Paper Watchdog Thread/ERROR]: Current Thread: Paper Async Chunk Task Thread #2
[21:49:02] [Paper Watchdog Thread/ERROR]: 	PID: 39 | Suspended: false | Native: false | State: WAITING
[21:49:02] [Paper Watchdog Thread/ERROR]: 	Stack:
[21:49:02] [Paper Watchdog Thread/ERROR]: 		sun.misc.Unsafe.park(Native Method)
[21:49:02] [Paper Watchdog Thread/ERROR]: 		java.util.concurrent.locks.LockSupport.park(LockSupport.java:175)
[21:49:02] [Paper Watchdog Thread/ERROR]: 		com.destroystokyo.paper.io.QueueExecutorThread.run(QueueExecutorThread.java:84)
[21:49:02] [Paper Watchdog Thread/ERROR]: ------------------------------
[21:49:02] [Paper Watchdog Thread/ERROR]: Current Thread: Paper Async Chunk Task Thread #1
[21:49:02] [Paper Watchdog Thread/ERROR]: 	PID: 38 | Suspended: false | Native: false | State: WAITING
[21:49:02] [Paper Watchdog Thread/ERROR]: 	Stack:
[21:49:02] [Paper Watchdog Thread/ERROR]: 		sun.misc.Unsafe.park(Native Method)
[21:49:02] [Paper Watchdog Thread/ERROR]: 		java.util.concurrent.locks.LockSupport.park(LockSupport.java:175)
[21:49:02] [Paper Watchdog Thread/ERROR]: 		com.destroystokyo.paper.io.QueueExecutorThread.run(QueueExecutorThread.java:84)
[21:49:02] [Paper Watchdog Thread/ERROR]: ------------------------------
[21:49:02] [Paper Watchdog Thread/ERROR]: Current Thread: Paper Async Chunk Task Thread #0
[21:49:02] [Paper Watchdog Thread/ERROR]: 	PID: 37 | Suspended: false | Native: false | State: WAITING
[21:49:02] [Paper Watchdog Thread/ERROR]: 	Stack:
[21:49:02] [Paper Watchdog Thread/ERROR]: 		sun.misc.Unsafe.park(Native Method)
[21:49:02] [Paper Watchdog Thread/ERROR]: 		java.util.concurrent.locks.LockSupport.park(LockSupport.java:175)
[21:49:02] [Paper Watchdog Thread/ERROR]: 		com.destroystokyo.paper.io.QueueExecutorThread.run(QueueExecutorThread.java:84)
[21:49:02] [Paper Watchdog Thread/ERROR]: ------------------------------
[21:49:02] [Paper Watchdog Thread/ERROR]: Current Thread: Server console handler
[21:49:02] [Paper Watchdog Thread/ERROR]: 	PID: 32 | Suspended: false | Native: false | State: TIMED_WAITING
[21:49:02] [Paper Watchdog Thread/ERROR]: 	Stack:
[21:49:02] [Paper Watchdog Thread/ERROR]: 		java.lang.Object.wait(Native Method)
[21:49:02] [Paper Watchdog Thread/ERROR]: 		org.jline.utils.NonBlockingPumpReader.wait(NonBlockingPumpReader.java:55)
[21:49:02] [Paper Watchdog Thread/ERROR]: 		org.jline.utils.NonBlockingPumpReader.read(NonBlockingPumpReader.java:101)
[21:49:02] [Paper Watchdog Thread/ERROR]: 		org.jline.utils.NonBlockingReader.read(NonBlockingReader.java:57)
[21:49:02] [Paper Watchdog Thread/ERROR]: 		org.jline.keymap.BindingReader.readCharacter(BindingReader.java:133)
[21:49:02] [Paper Watchdog Thread/ERROR]: 		org.jline.keymap.BindingReader.readBinding(BindingReader.java:110)
[21:49:02] [Paper Watchdog Thread/ERROR]: 		org.jline.keymap.BindingReader.readBinding(BindingReader.java:61)
[21:49:02] [Paper Watchdog Thread/ERROR]: 		org.jline.reader.impl.LineReaderImpl.doReadBinding(LineReaderImpl.java:848)
[21:49:02] [Paper Watchdog Thread/ERROR]: 		org.jline.reader.impl.LineReaderImpl.readBinding(LineReaderImpl.java:868)
[21:49:02] [Paper Watchdog Thread/ERROR]: 		org.jline.reader.impl.LineReaderImpl.readLine(LineReaderImpl.java:575)
[21:49:02] [Paper Watchdog Thread/ERROR]: 		org.jline.reader.impl.LineReaderImpl.readLine(LineReaderImpl.java:418)
[21:49:02] [Paper Watchdog Thread/ERROR]: 		net.minecrell.terminalconsole.SimpleTerminalConsole.readCommands(SimpleTerminalConsole.java:158)
[21:49:02] [Paper Watchdog Thread/ERROR]: 		net.minecrell.terminalconsole.SimpleTerminalConsole.start(SimpleTerminalConsole.java:141)
[21:49:02] [Paper Watchdog Thread/ERROR]: 		net.minecraft.server.v1_15_R1.DedicatedServer$2.run(DedicatedServer.java:90)
[21:49:02] [Paper Watchdog Thread/ERROR]: ------------------------------
[21:49:02] [Paper Watchdog Thread/ERROR]: Current Thread: DestroyJavaVM
[21:49:02] [Paper Watchdog Thread/ERROR]: 	PID: 31 | Suspended: false | Native: false | State: RUNNABLE
[21:49:02] [Paper Watchdog Thread/ERROR]: 	Stack:
[21:49:02] [Paper Watchdog Thread/ERROR]: ------------------------------
[21:49:02] [Paper Watchdog Thread/ERROR]: Current Thread: Server thread
[21:49:02] [Paper Watchdog Thread/ERROR]: 	PID: 19 | Suspended: false | Native: false | State: RUNNABLE
[21:49:02] [Paper Watchdog Thread/ERROR]: 	Thread is waiting on monitor(s):
[21:49:02] [Paper Watchdog Thread/ERROR]: 		Locked on:org.bukkit.plugin.SimplePluginManager.disablePlugin(SimplePluginManager.java:468)
[21:49:02] [Paper Watchdog Thread/ERROR]: 	Stack:
[21:49:02] [Paper Watchdog Thread/ERROR]: 		org.bukkit.configuration.MemorySection.get(MemorySection.java:229)
[21:49:02] [Paper Watchdog Thread/ERROR]: 		net.lawaxi.mcgame.skywars.config.Config.read(Config.java:71)
[21:49:02] [Paper Watchdog Thread/ERROR]: 		net.lawaxi.mcgame.skywars.config.Config.readMapLimit(Config.java:111)
[21:49:02] [Paper Watchdog Thread/ERROR]: 		net.lawaxi.mcgame.skywars.Skywars.reloadMap(Skywars.java:109)
[21:49:02] [Paper Watchdog Thread/ERROR]: 		net.lawaxi.mcgame.skywars.Skywars.onDisable(Skywars.java:130)
[21:49:02] [Paper Watchdog Thread/ERROR]: 		org.bukkit.plugin.java.JavaPlugin.setEnabled(JavaPlugin.java:265)
[21:49:02] [Paper Watchdog Thread/ERROR]: 		org.bukkit.plugin.java.JavaPluginLoader.disablePlugin(JavaPluginLoader.java:372)
[21:49:02] [Paper Watchdog Thread/ERROR]: 		org.bukkit.plugin.SimplePluginManager.disablePlugin(SimplePluginManager.java:468)
[21:49:02] [Paper Watchdog Thread/ERROR]: 		org.bukkit.plugin.SimplePluginManager.disablePlugins(SimplePluginManager.java:454)
[21:49:02] [Paper Watchdog Thread/ERROR]: 		org.bukkit.plugin.SimplePluginManager.disablePlugins(SimplePluginManager.java:447)
[21:49:02] [Paper Watchdog Thread/ERROR]: 		org.bukkit.craftbukkit.v1_15_R1.CraftServer.disablePlugins(CraftServer.java:404)
[21:49:02] [Paper Watchdog Thread/ERROR]: 		net.minecraft.server.v1_15_R1.MinecraftServer.stop(MinecraftServer.java:742)
[21:49:02] [Paper Watchdog Thread/ERROR]: 		net.minecraft.server.v1_15_R1.DedicatedServer.stop(DedicatedServer.java:752)
[21:49:02] [Paper Watchdog Thread/ERROR]: 		net.minecraft.server.v1_15_R1.MinecraftServer.run(MinecraftServer.java:974)
[21:49:02] [Paper Watchdog Thread/ERROR]: 		java.lang.Thread.run(Thread.java:748)
[21:49:02] [Paper Watchdog Thread/ERROR]: ------------------------------
[21:49:02] [Paper Watchdog Thread/ERROR]: Current Thread: Thread-4
[21:49:02] [Paper Watchdog Thread/ERROR]: 	PID: 28 | Suspended: false | Native: false | State: WAITING
[21:49:02] [Paper Watchdog Thread/ERROR]: 	Stack:
[21:49:02] [Paper Watchdog Thread/ERROR]: 		sun.misc.Unsafe.park(Native Method)
[21:49:02] [Paper Watchdog Thread/ERROR]: 		java.util.concurrent.locks.LockSupport.park(LockSupport.java:175)
[21:49:02] [Paper Watchdog Thread/ERROR]: 		java.util.concurrent.locks.AbstractQueuedSynchronizer$ConditionObject.await(AbstractQueuedSynchronizer.java:2039)
[21:49:02] [Paper Watchdog Thread/ERROR]: 		java.util.concurrent.LinkedBlockingQueue.take(LinkedBlockingQueue.java:442)
[21:49:02] [Paper Watchdog Thread/ERROR]: 		com.mojang.util.QueueLogAppender.getNextLogEvent(QueueLogAppender.java:77)
[21:49:02] [Paper Watchdog Thread/ERROR]: 		net.minecraft.server.v1_15_R1.ServerGUI.lambda$e$1(ServerGUI.java:137)
[21:49:02] [Paper Watchdog Thread/ERROR]: 		net.minecraft.server.v1_15_R1.ServerGUI$$Lambda$1955/754376013.run(Unknown Source)
[21:49:02] [Paper Watchdog Thread/ERROR]: 		java.lang.Thread.run(Thread.java:748)
[21:49:02] [Paper Watchdog Thread/ERROR]: ------------------------------
[21:49:02] [Paper Watchdog Thread/ERROR]: Current Thread: TimerQueue
[21:49:02] [Paper Watchdog Thread/ERROR]: 	PID: 29 | Suspended: false | Native: false | State: TIMED_WAITING
[21:49:02] [Paper Watchdog Thread/ERROR]: 	Stack:
[21:49:02] [Paper Watchdog Thread/ERROR]: 		sun.misc.Unsafe.park(Native Method)
[21:49:02] [Paper Watchdog Thread/ERROR]: 		java.util.concurrent.locks.LockSupport.parkNanos(LockSupport.java:215)
[21:49:02] [Paper Watchdog Thread/ERROR]: 		java.util.concurrent.locks.AbstractQueuedSynchronizer$ConditionObject.awaitNanos(AbstractQueuedSynchronizer.java:2078)
[21:49:02] [Paper Watchdog Thread/ERROR]: 		java.util.concurrent.DelayQueue.take(DelayQueue.java:223)
[21:49:02] [Paper Watchdog Thread/ERROR]: 		javax.swing.TimerQueue.run(TimerQueue.java:174)
[21:49:02] [Paper Watchdog Thread/ERROR]: 		java.lang.Thread.run(Thread.java:748)
[21:49:02] [Paper Watchdog Thread/ERROR]: ------------------------------
[21:49:02] [Paper Watchdog Thread/ERROR]: Current Thread: AWT-EventQueue-0
[21:49:02] [Paper Watchdog Thread/ERROR]: 	PID: 26 | Suspended: false | Native: false | State: WAITING
[21:49:02] [Paper Watchdog Thread/ERROR]: 	Stack:
[21:49:02] [Paper Watchdog Thread/ERROR]: 		sun.misc.Unsafe.park(Native Method)
[21:49:02] [Paper Watchdog Thread/ERROR]: 		java.util.concurrent.locks.LockSupport.park(LockSupport.java:175)
[21:49:02] [Paper Watchdog Thread/ERROR]: 		java.util.concurrent.locks.AbstractQueuedSynchronizer$ConditionObject.await(AbstractQueuedSynchronizer.java:2039)
[21:49:02] [Paper Watchdog Thread/ERROR]: 		java.awt.EventQueue.getNextEvent(EventQueue.java:554)
[21:49:02] [Paper Watchdog Thread/ERROR]: 		java.awt.EventDispatchThread.pumpOneEventForFilters(EventDispatchThread.java:187)
[21:49:02] [Paper Watchdog Thread/ERROR]: 		java.awt.EventDispatchThread.pumpEventsForFilter(EventDispatchThread.java:116)
[21:49:02] [Paper Watchdog Thread/ERROR]: 		java.awt.EventDispatchThread.pumpEventsForHierarchy(EventDispatchThread.java:105)
[21:49:02] [Paper Watchdog Thread/ERROR]: 		java.awt.EventDispatchThread.pumpEvents(EventDispatchThread.java:101)
[21:49:02] [Paper Watchdog Thread/ERROR]: 		java.awt.EventDispatchThread.pumpEvents(EventDispatchThread.java:93)
[21:49:02] [Paper Watchdog Thread/ERROR]: 		java.awt.EventDispatchThread.run(EventDispatchThread.java:82)
[21:49:02] [Paper Watchdog Thread/ERROR]: ------------------------------
[21:49:02] [Paper Watchdog Thread/ERROR]: Current Thread: AWT-Shutdown
[21:49:02] [Paper Watchdog Thread/ERROR]: 	PID: 27 | Suspended: false | Native: false | State: WAITING
[21:49:02] [Paper Watchdog Thread/ERROR]: 	Stack:
[21:49:02] [Paper Watchdog Thread/ERROR]: 		java.lang.Object.wait(Native Method)
[21:49:02] [Paper Watchdog Thread/ERROR]: 		java.lang.Object.wait(Object.java:502)
[21:49:02] [Paper Watchdog Thread/ERROR]: 		sun.awt.AWTAutoShutdown.run(AWTAutoShutdown.java:295)
[21:49:02] [Paper Watchdog Thread/ERROR]: 		java.lang.Thread.run(Thread.java:748)
[21:49:02] [Paper Watchdog Thread/ERROR]: ------------------------------
[21:49:02] [Paper Watchdog Thread/ERROR]: Current Thread: AWT-Windows
[21:49:02] [Paper Watchdog Thread/ERROR]: 	PID: 24 | Suspended: false | Native: true | State: RUNNABLE
[21:49:02] [Paper Watchdog Thread/ERROR]: 	Stack:
[21:49:02] [Paper Watchdog Thread/ERROR]: 		sun.awt.windows.WToolkit.eventLoop(Native Method)
[21:49:02] [Paper Watchdog Thread/ERROR]: 		sun.awt.windows.WToolkit.run(WToolkit.java:315)
[21:49:02] [Paper Watchdog Thread/ERROR]: 		java.lang.Thread.run(Thread.java:748)
[21:49:02] [Paper Watchdog Thread/ERROR]: ------------------------------
[21:49:02] [Paper Watchdog Thread/ERROR]: Current Thread: Java2D Disposer
[21:49:02] [Paper Watchdog Thread/ERROR]: 	PID: 22 | Suspended: false | Native: false | State: WAITING
[21:49:02] [Paper Watchdog Thread/ERROR]: 	Stack:
[21:49:02] [Paper Watchdog Thread/ERROR]: 		java.lang.Object.wait(Native Method)
[21:49:02] [Paper Watchdog Thread/ERROR]: 		java.lang.ref.ReferenceQueue.remove(ReferenceQueue.java:144)
[21:49:02] [Paper Watchdog Thread/ERROR]: 		java.lang.ref.ReferenceQueue.remove(ReferenceQueue.java:165)
[21:49:02] [Paper Watchdog Thread/ERROR]: 		sun.java2d.Disposer.run(Disposer.java:148)
[21:49:02] [Paper Watchdog Thread/ERROR]: 		java.lang.Thread.run(Thread.java:748)
[21:49:02] [Paper Watchdog Thread/ERROR]: ------------------------------
[21:49:02] [Paper Watchdog Thread/ERROR]: Current Thread: Server Infinisleeper
[21:49:02] [Paper Watchdog Thread/ERROR]: 	PID: 21 | Suspended: false | Native: false | State: TIMED_WAITING
[21:49:02] [Paper Watchdog Thread/ERROR]: 	Stack:
[21:49:02] [Paper Watchdog Thread/ERROR]: 		java.lang.Thread.sleep(Native Method)
[21:49:02] [Paper Watchdog Thread/ERROR]: 		net.minecraft.server.v1_15_R1.DedicatedServer$1.run(DedicatedServer.java:72)
[21:49:02] [Paper Watchdog Thread/ERROR]: ------------------------------
[21:49:02] [Paper Watchdog Thread/ERROR]: Current Thread: Snooper Timer
[21:49:02] [Paper Watchdog Thread/ERROR]: 	PID: 18 | Suspended: false | Native: false | State: WAITING
[21:49:02] [Paper Watchdog Thread/ERROR]: 	Stack:
[21:49:02] [Paper Watchdog Thread/ERROR]: 		java.lang.Object.wait(Native Method)
[21:49:02] [Paper Watchdog Thread/ERROR]: 		java.lang.Object.wait(Object.java:502)
[21:49:02] [Paper Watchdog Thread/ERROR]: 		java.util.TimerThread.mainLoop(Timer.java:526)
[21:49:02] [Paper Watchdog Thread/ERROR]: 		java.util.TimerThread.run(Timer.java:505)
[21:49:02] [Paper Watchdog Thread/ERROR]: ------------------------------
[21:49:02] [Paper Watchdog Thread/ERROR]: Current Thread: Paper Async Task Handler Thread - 0
[21:49:02] [Paper Watchdog Thread/ERROR]: 	PID: 17 | Suspended: false | Native: false | State: WAITING
[21:49:02] [Paper Watchdog Thread/ERROR]: 	Stack:
[21:49:02] [Paper Watchdog Thread/ERROR]: 		sun.misc.Unsafe.park(Native Method)
[21:49:02] [Paper Watchdog Thread/ERROR]: 		java.util.concurrent.locks.LockSupport.park(LockSupport.java:175)
[21:49:02] [Paper Watchdog Thread/ERROR]: 		java.util.concurrent.locks.AbstractQueuedSynchronizer$ConditionObject.await(AbstractQueuedSynchronizer.java:2039)
[21:49:02] [Paper Watchdog Thread/ERROR]: 		java.util.concurrent.LinkedBlockingQueue.take(LinkedBlockingQueue.java:442)
[21:49:02] [Paper Watchdog Thread/ERROR]: 		java.util.concurrent.ThreadPoolExecutor.getTask(ThreadPoolExecutor.java:1074)
[21:49:02] [Paper Watchdog Thread/ERROR]: 		java.util.concurrent.ThreadPoolExecutor.runWorker(ThreadPoolExecutor.java:1134)
[21:49:02] [Paper Watchdog Thread/ERROR]: 		java.util.concurrent.ThreadPoolExecutor$Worker.run(ThreadPoolExecutor.java:624)
[21:49:02] [Paper Watchdog Thread/ERROR]: 		java.lang.Thread.run(Thread.java:748)
[21:49:02] [Paper Watchdog Thread/ERROR]: ------------------------------
[21:49:02] [Paper Watchdog Thread/ERROR]: Current Thread: WindowsStreamPump
[21:49:02] [Paper Watchdog Thread/ERROR]: 	PID: 14 | Suspended: false | Native: false | State: RUNNABLE
[21:49:02] [Paper Watchdog Thread/ERROR]: 	Stack:
[21:49:02] [Paper Watchdog Thread/ERROR]: 		org.fusesource.jansi.internal.Kernel32.WaitForSingleObject(Native Method)
[21:49:02] [Paper Watchdog Thread/ERROR]: 		org.fusesource.jansi.internal.WindowsSupport.readConsoleInput(WindowsSupport.java:97)
[21:49:02] [Paper Watchdog Thread/ERROR]: 		org.jline.terminal.impl.jansi.win.JansiWinSysTerminal.processConsoleInput(JansiWinSysTerminal.java:112)
[21:49:02] [Paper Watchdog Thread/ERROR]: 		org.jline.terminal.impl.AbstractWindowsTerminal.pump(AbstractWindowsTerminal.java:458)
[21:49:02] [Paper Watchdog Thread/ERROR]: 		org.jline.terminal.impl.AbstractWindowsTerminal$$Lambda$12/1282287470.run(Unknown Source)
[21:49:02] [Paper Watchdog Thread/ERROR]: 		java.lang.Thread.run(Thread.java:748)
[21:49:02] [Paper Watchdog Thread/ERROR]: ------------------------------
[21:49:02] [Paper Watchdog Thread/ERROR]: Current Thread: Log4j2-TF-1-AsyncLogger[AsyncContext@5c647e05]-1
[21:49:02] [Paper Watchdog Thread/ERROR]: 	PID: 11 | Suspended: false | Native: false | State: RUNNABLE
[21:49:02] [Paper Watchdog Thread/ERROR]: 	Thread is waiting on monitor(s):
[21:49:02] [Paper Watchdog Thread/ERROR]: 		Locked on:org.jline.terminal.impl.AbstractWindowsConsoleWriter.write(AbstractWindowsConsoleWriter.java:27)
[21:49:02] [Paper Watchdog Thread/ERROR]: 		Locked on:java.io.Writer.write(Writer.java:113)
[21:49:02] [Paper Watchdog Thread/ERROR]: 		Locked on:java.io.PrintWriter.write(PrintWriter.java:405)
[21:49:02] [Paper Watchdog Thread/ERROR]: 		Locked on:net.minecrell.terminalconsole.TerminalConsoleAppender.print(TerminalConsoleAppender.java:260)
[21:49:02] [Paper Watchdog Thread/ERROR]: 	Stack:
[21:49:02] [Paper Watchdog Thread/ERROR]: 		org.fusesource.jansi.internal.Kernel32.WriteConsoleW(Native Method)
[21:49:02] [Paper Watchdog Thread/ERROR]: 		org.jline.terminal.impl.jansi.win.JansiWinConsoleWriter.writeConsole(JansiWinConsoleWriter.java:27)
[21:49:02] [Paper Watchdog Thread/ERROR]: 		org.jline.terminal.impl.AbstractWindowsConsoleWriter.write(AbstractWindowsConsoleWriter.java:27)
[21:49:02] [Paper Watchdog Thread/ERROR]: 		java.io.Writer.write(Writer.java:113)
[21:49:02] [Paper Watchdog Thread/ERROR]: 		java.io.PrintWriter.write(PrintWriter.java:405)
[21:49:02] [Paper Watchdog Thread/ERROR]: 		java.io.PrintWriter.append(PrintWriter.java:1063)
[21:49:02] [Paper Watchdog Thread/ERROR]: 		java.io.PrintWriter.append(PrintWriter.java:56)
[21:49:02] [Paper Watchdog Thread/ERROR]: 		org.jline.utils.Curses.doTputs(Curses.java:141)
[21:49:02] [Paper Watchdog Thread/ERROR]: 		org.jline.utils.Curses.tputs(Curses.java:60)
[21:49:02] [Paper Watchdog Thread/ERROR]: 		org.jline.terminal.impl.AbstractTerminal.puts(AbstractTerminal.java:167)
[21:49:02] [Paper Watchdog Thread/ERROR]: 		org.jline.utils.Display.moveVisualCursorTo(Display.java:466)
[21:49:02] [Paper Watchdog Thread/ERROR]: 		org.jline.utils.Display.update(Display.java:287)
[21:49:02] [Paper Watchdog Thread/ERROR]: 		org.jline.utils.Display.update(Display.java:99)
[21:49:02] [Paper Watchdog Thread/ERROR]: 		org.jline.reader.impl.LineReaderImpl.printAbove(LineReaderImpl.java:695)
[21:49:02] [Paper Watchdog Thread/ERROR]: 		net.minecrell.terminalconsole.TerminalConsoleAppender.print(TerminalConsoleAppender.java:260)
[21:49:02] [Paper Watchdog Thread/ERROR]: 		net.minecrell.terminalconsole.TerminalConsoleAppender.append(TerminalConsoleAppender.java:253)
[21:49:02] [Paper Watchdog Thread/ERROR]: 		org.apache.logging.log4j.core.config.AppenderControl.tryCallAppender(AppenderControl.java:156)
[21:49:02] [Paper Watchdog Thread/ERROR]: 		org.apache.logging.log4j.core.config.AppenderControl.callAppender0(AppenderControl.java:129)
[21:49:02] [Paper Watchdog Thread/ERROR]: 		org.apache.logging.log4j.core.config.AppenderControl.callAppenderPreventRecursion(AppenderControl.java:120)
[21:49:02] [Paper Watchdog Thread/ERROR]: 		org.apache.logging.log4j.core.config.AppenderControl.callAppender(AppenderControl.java:84)
[21:49:02] [Paper Watchdog Thread/ERROR]: 		org.apache.logging.log4j.core.config.LoggerConfig.callAppenders(LoggerConfig.java:448)
[21:49:02] [Paper Watchdog Thread/ERROR]: 		org.apache.logging.log4j.core.config.LoggerConfig.processLogEvent(LoggerConfig.java:433)
[21:49:02] [Paper Watchdog Thread/ERROR]: 		org.apache.logging.log4j.core.config.LoggerConfig.log(LoggerConfig.java:417)
[21:49:02] [Paper Watchdog Thread/ERROR]: 		org.apache.logging.log4j.core.config.AwaitCompletionReliabilityStrategy.log(AwaitCompletionReliabilityStrategy.java:79)
[21:49:02] [Paper Watchdog Thread/ERROR]: 		org.apache.logging.log4j.core.async.AsyncLogger.actualAsyncLog(AsyncLogger.java:337)
[21:49:02] [Paper Watchdog Thread/ERROR]: 		org.apache.logging.log4j.core.async.RingBufferLogEvent.execute(RingBufferLogEvent.java:161)
[21:49:02] [Paper Watchdog Thread/ERROR]: 		org.apache.logging.log4j.core.async.RingBufferLogEventHandler.onEvent(RingBufferLogEventHandler.java:45)
[21:49:02] [Paper Watchdog Thread/ERROR]: 		org.apache.logging.log4j.core.async.RingBufferLogEventHandler.onEvent(RingBufferLogEventHandler.java:29)
[21:49:02] [Paper Watchdog Thread/ERROR]: 		com.lmax.disruptor.BatchEventProcessor.processEvents(BatchEventProcessor.java:168)
[21:49:02] [Paper Watchdog Thread/ERROR]: 		com.lmax.disruptor.BatchEventProcessor.run(BatchEventProcessor.java:125)
[21:49:02] [Paper Watchdog Thread/ERROR]: 		java.util.concurrent.ThreadPoolExecutor.runWorker(ThreadPoolExecutor.java:1149)
[21:49:02] [Paper Watchdog Thread/ERROR]: 		java.util.concurrent.ThreadPoolExecutor$Worker.run(ThreadPoolExecutor.java:624)
[21:49:02] [Paper Watchdog Thread/ERROR]: 		java.lang.Thread.run(Thread.java:748)
[21:49:02] [Paper Watchdog Thread/ERROR]: ------------------------------
[21:49:02] [Paper Watchdog Thread/ERROR]: Current Thread: Attach Listener
[21:49:02] [Paper Watchdog Thread/ERROR]: 	PID: 5 | Suspended: false | Native: false | State: RUNNABLE
[21:49:02] [Paper Watchdog Thread/ERROR]: 	Stack:
[21:49:02] [Paper Watchdog Thread/ERROR]: ------------------------------
[21:49:02] [Paper Watchdog Thread/ERROR]: Current Thread: Signal Dispatcher
[21:49:02] [Paper Watchdog Thread/ERROR]: 	PID: 4 | Suspended: false | Native: false | State: RUNNABLE
[21:49:02] [Paper Watchdog Thread/ERROR]: 	Stack:
[21:49:02] [Paper Watchdog Thread/ERROR]: ------------------------------
[21:49:02] [Paper Watchdog Thread/ERROR]: Current Thread: Finalizer
[21:49:02] [Paper Watchdog Thread/ERROR]: 	PID: 3 | Suspended: false | Native: false | State: WAITING
[21:49:02] [Paper Watchdog Thread/ERROR]: 	Stack:
[21:49:02] [Paper Watchdog Thread/ERROR]: 		java.lang.Object.wait(Native Method)
[21:49:02] [Paper Watchdog Thread/ERROR]: 		java.lang.ref.ReferenceQueue.remove(ReferenceQueue.java:144)
[21:49:02] [Paper Watchdog Thread/ERROR]: 		java.lang.ref.ReferenceQueue.remove(ReferenceQueue.java:165)
[21:49:02] [Paper Watchdog Thread/ERROR]: 		java.lang.ref.Finalizer$FinalizerThread.run(Finalizer.java:216)
[21:49:02] [Paper Watchdog Thread/ERROR]: ------------------------------
[21:49:02] [Paper Watchdog Thread/ERROR]: Current Thread: Reference Handler
[21:49:02] [Paper Watchdog Thread/ERROR]: 	PID: 2 | Suspended: false | Native: false | State: WAITING
[21:49:02] [Paper Watchdog Thread/ERROR]: 	Stack:
[21:49:02] [Paper Watchdog Thread/ERROR]: 		java.lang.Object.wait(Native Method)
[21:49:02] [Paper Watchdog Thread/ERROR]: 		java.lang.Object.wait(Object.java:502)
[21:49:02] [Paper Watchdog Thread/ERROR]: 		java.lang.ref.Reference.tryHandlePending(Reference.java:191)
[21:49:02] [Paper Watchdog Thread/ERROR]: 		java.lang.ref.Reference$ReferenceHandler.run(Reference.java:153)
[21:49:02] [Paper Watchdog Thread/ERROR]: ------------------------------
[21:49:22] [Server thread/INFO]: Saving players
[21:49:22] [Server thread/INFO]: Saving worlds
[21:49:22] [Server thread/INFO]: Saving chunks for level 'world'/minecraft:overworld
[21:49:35] [Server thread/INFO]: ThreadedAnvilChunkStorage (world): All chunks are saved
[21:49:35] [Server thread/INFO]: ThreadedAnvilChunkStorage (world): All chunks are saved
