[16:13:55] [Server thread/INFO]: Starting minecraft server version 1.15.2
[16:13:55] [Server thread/INFO]: Loading properties
[16:13:55] [Server thread/INFO]: This server is running Paper version git-Paper-154 (MC: 1.15.2) (Implementing API version 1.15.2-R0.1-SNAPSHOT)
[16:13:55] [Server thread/INFO]: Debug logging is disabled
[16:13:55] [Server thread/INFO]: Server Ping Player Sample Count: 12
[16:13:55] [Server thread/INFO]: Using 4 threads for Netty based IO
[16:13:55] [Server thread/WARN]: You specified a resource pack without providing a sha1 hash. Pack will be updated on the client only if you change the name of the pack.
[16:13:55] [Server thread/INFO]: Default game type: SURVIVAL
[16:13:55] [Server thread/INFO]: Generating keypair
[16:13:56] [Server thread/INFO]: Starting Minecraft server on *:25565
[16:13:56] [Server thread/INFO]: Using default channel type
[16:13:57] [Server thread/INFO]: [斗地主] Loading AgainstLords v1.0.0
[16:13:57] [Server thread/INFO]: Server permissions file permissions.yml is empty, ignoring it
[16:13:57] [Server thread/INFO]: Preparing level "world"
[16:13:57] [Server thread/INFO]: Reloading ResourceManager: Default, bukkit
[16:14:14] [Server thread/INFO]: Loaded 6 recipes
[16:14:14] [Server thread/INFO]: -------- World Settings For [world] --------
[16:14:14] [Server thread/INFO]: View Distance: 10
[16:14:14] [Server thread/INFO]: Custom Map Seeds:  Village: 10387312 Desert: 14357617 Igloo: 14357618 Jungle: 14357619 Swamp: 14357620 Monument: 10387313 Ocean: 14357621 Shipwreck: 165745295 Slime: 987234911
[16:14:14] [Server thread/INFO]: Arrow Despawn Rate: 1200 Trident Respawn Rate:1200
[16:14:14] [Server thread/INFO]: Nerfing mobs spawned from spawners: false
[16:14:14] [Server thread/INFO]: Mob Spawn Range: 8
[16:14:14] [Server thread/INFO]: Experience Merge Radius: 3.0
[16:14:14] [Server thread/INFO]: Hopper Transfer: 8 Hopper Check: 1 Hopper Amount: 1
[16:14:14] [Server thread/INFO]: Max TNT Explosions: 100
[16:14:14] [Server thread/INFO]: Tile Max Tick Time: 50ms Entity max Tick Time: 50ms
[16:14:14] [Server thread/INFO]: Entity Activation Range: An 32 / Mo 32 / Ra 48 / Mi 16 / Tiv true
[16:14:14] [Server thread/INFO]: Cactus Growth Modifier: 100%
[16:14:14] [Server thread/INFO]: Cane Growth Modifier: 100%
[16:14:14] [Server thread/INFO]: Melon Growth Modifier: 100%
[16:14:14] [Server thread/INFO]: Mushroom Growth Modifier: 100%
[16:14:14] [Server thread/INFO]: Pumpkin Growth Modifier: 100%
[16:14:14] [Server thread/INFO]: Sapling Growth Modifier: 100%
[16:14:14] [Server thread/INFO]: Beetroot Growth Modifier: 100%
[16:14:14] [Server thread/INFO]: Carrot Growth Modifier: 100%
[16:14:14] [Server thread/INFO]: Potato Growth Modifier: 100%
[16:14:14] [Server thread/INFO]: Wheat Growth Modifier: 100%
[16:14:14] [Server thread/INFO]: NetherWart Growth Modifier: 100%
[16:14:14] [Server thread/INFO]: Vine Growth Modifier: 100%
[16:14:14] [Server thread/INFO]: Cocoa Growth Modifier: 100%
[16:14:14] [Server thread/INFO]: Bamboo Growth Modifier: 100%
[16:14:14] [Server thread/INFO]: SweetBerry Growth Modifier: 100%
[16:14:14] [Server thread/INFO]: Kelp Growth Modifier: 100%
[16:14:14] [Server thread/INFO]: Entity Tracking Range: Pl 48 / An 48 / Mo 48 / Mi 32 / Other 64
[16:14:14] [Server thread/INFO]: Allow Zombie Pigmen to spawn from portal blocks: true
[16:14:14] [Server thread/INFO]: Item Merge Radius: 2.5
[16:14:14] [Server thread/INFO]: Item Despawn Rate: 6000
[16:14:14] [Server thread/INFO]: Zombie Aggressive Towards Villager: true
[16:14:15] [Server thread/INFO]: Preparing start region for dimension 'world'/minecraft:overworld
[16:14:15] [Server thread/INFO]: Preparing spawn area: 0%
[16:14:15] [Server thread/INFO]: Preparing spawn area: 0%
[16:14:16] [Server thread/INFO]: Preparing spawn area: 7%
[16:14:16] [Server thread/INFO]: Preparing spawn area: 7%
[16:14:18] [Server-Worker-2/INFO]: Preparing spawn area: 7%
[16:14:18] [Server-Worker-1/INFO]: Preparing spawn area: 7%
[16:14:18] [Server-Worker-2/INFO]: Preparing spawn area: 7%
[16:14:18] [Server-Worker-1/INFO]: Preparing spawn area: 7%
[16:14:19] [Server thread/INFO]: Preparing spawn area: 14%
[16:14:19] [Server-Worker-2/INFO]: Preparing spawn area: 100%
[16:14:20] [Server thread/INFO]: Preparing spawn area: 100%
[16:14:20] [Server thread/INFO]: Preparing spawn area: 100%
[16:14:21] [Server thread/INFO]: Preparing spawn area: 100%
[16:14:21] [Server thread/INFO]: Preparing spawn area: 100%
[16:14:22] [Server thread/INFO]: Loaded 441 spawn chunks for world world
[16:14:22] [Server thread/INFO]: Time elapsed: 6947 ms
[16:14:22] [Server thread/INFO]: [斗地主] Enabling AgainstLords v1.0.0
[16:14:22] [Server thread/INFO]: Done (24.767s)! For help, type "help"
[16:14:22] [Server thread/INFO]: Timings Reset
[16:32:19] [User Authenticator #2/INFO]: UUID of player SpringFestival is 00181f65-48fc-4660-aa66-53ce1f4d4682
[16:32:20] [Server thread/INFO]: SpringFestival[/127.0.0.1:52980] logged in with entity id 64 at ([world]-68.86468196978402, 72.0, 126.9227458644539)
[16:32:21] [User Authenticator #2/INFO]: UUID of player Lawaxi is 7bb0a529-1cbc-40be-93c2-ff1529c157cb
[16:32:22] [Server thread/INFO]: Lawaxi[/127.0.0.1:52983] logged in with entity id 65 at ([world]-58.726361318683225, 71.0, 148.38804073891689)
[16:32:25] [User Authenticator #1/INFO]: UUID of player lyq040106 is a59b6131-048e-495f-9752-64e9af49c1ec
[16:32:25] [Server thread/INFO]: lyq040106[/127.0.0.1:52976] logged in with entity id 66 at ([world]9.685415543021088, 72.0, 173.9440370199781)
[16:32:42] [Server thread/INFO]: Lawaxi issued server command: /start
[16:32:42] [Server thread/INFO]: --------------------------------------------------
[16:32:42] [Server thread/INFO]: 游戏开始
[16:32:42] [Server thread/INFO]: 座位顺序为 lyq040106 SpringFestival Lawaxi 
[16:32:42] [Server thread/INFO]: --------------------------------------------------
[16:32:44] [Server thread/INFO]: 地主 lyq040106 地主牌 4 6 K 
[16:32:44] [Server thread/INFO]: lyq040106:345666788891010JKA222小王
[16:32:44] [Server thread/INFO]: SpringFestival:3334455789JJJQQ2大王
[16:32:44] [Server thread/INFO]: Lawaxi:45677991010QQKKKAAA
[16:32:55] [Server thread/INFO]: lyq040106 3 
[16:33:02] [Server thread/INFO]: SpringFestival 4 
[16:33:06] [Server thread/INFO]: Lawaxi 5 
[16:33:10] [Server thread/INFO]: lyq040106 7 
[16:33:14] [Server thread/INFO]: SpringFestival 大王 
[16:33:19] [Server thread/INFO]: Lawaxi 4 6 7 7 9 9 10 10 Q Q K K K A A A 
[16:33:19] [Server thread/INFO]: --------------------------------------------------
[16:33:19] [Server thread/INFO]: 玩家剩余手牌
[16:33:19] [Server thread/INFO]: lyq040106  4 5 6 6 6 8 8 8 9 10 10 J K A 2 2 2 小王 
[16:33:19] [Server thread/INFO]: SpringFestival  3 3 3 4 5 5 7 8 9 J J J Q Q 2 
[16:33:19] [Server thread/INFO]: --------------------------------------------------
[16:33:39] [Server thread/INFO]: Stopping the server
[16:33:39] [Server thread/INFO]: Stopping server
[16:33:39] [Server thread/INFO]: [斗地主] Disabling AgainstLords v1.0.0
[16:33:39] [Server thread/INFO]: Saving players
[16:33:39] [Server thread/INFO]: SpringFestival lost connection: Server closed
[16:33:39] [Server thread/INFO]: SpringFestival left the game
[16:33:39] [Server thread/INFO]: Lawaxi lost connection: Server closed
[16:33:40] [Server thread/INFO]: Lawaxi left the game
[16:33:40] [Server thread/INFO]: lyq040106 lost connection: Server closed
[16:33:40] [Server thread/INFO]: lyq040106 left the game
[16:33:40] [Server thread/INFO]: Saving worlds
[16:33:40] [Server thread/INFO]: Saving chunks for level 'world'/minecraft:overworld
[16:33:44] [Server thread/INFO]: ThreadedAnvilChunkStorage (world): All chunks are saved
[16:33:44] [Server thread/INFO]: ThreadedAnvilChunkStorage (world): All chunks are saved
